This file contains any messages produced by compilers while
running configure, to aid debugging if configure makes a mistake.

It was created by Rniftilib configuration script configure 0.0.11, which was
generated by GNU Autoconf 2.61.  Invocation command line was

  $ ./configure 

## --------- ##
## Platform. ##
## --------- ##

hostname = Zarrar-Ss-MacBook-2.local
uname -m = x86_64
uname -r = 13.1.0
uname -s = Darwin
uname -v = Darwin Kernel Version 13.1.0: Thu Jan 16 19:40:37 PST 2014; root:xnu-2422.90.20~2/RELEASE_X86_64

/usr/bin/uname -p = i386
/bin/uname -X     = unknown

/bin/arch              = unknown
/usr/bin/arch -k       = unknown
/usr/convex/getsysinfo = unknown
/usr/bin/hostinfo      = Mach kernel version:
	 Darwin Kernel Version 13.1.0: Thu Jan 16 19:40:37 PST 2014; root:xnu-2422.90.20~2/RELEASE_X86_64
Kernel configured for up to 2 processors.
2 processors are physically available.
2 processors are logically available.
Processor type: i486 (Intel 80486)
Processors active: 0 1
Primary memory available: 4.00 gigabytes
Default processor set: 162 tasks, 802 threads, 2 processors
Load average: 8.51, Mach factor: 0.38
/bin/machine           = unknown
/usr/bin/oslevel       = unknown
/bin/universe          = unknown

PATH: /Users/zarrar/.rvm/gems/ruby-2.1.0/bin
PATH: /Users/zarrar/.rvm/gems/ruby-2.1.0@global/bin
PATH: /Users/zarrar/.rvm/rubies/ruby-2.1.0/bin
PATH: /Library/Frameworks/EPD64.framework/Versions/Current/bin
PATH: /opt/local/bin
PATH: /opt/local/sbin
PATH: /Users/Shared/ants/bin
PATH: /Users/Shared/freesurfer/bin
PATH: /Users/Shared/freesurfer/fsfast/bin
PATH: /Users/Shared/freesurfer/tktools
PATH: /Users/Shared/fsl/bin
PATH: /Users/Shared/freesurfer/bin/freeview.app/Contents/MacOS/
PATH: /Users/Shared/freesurfer/mni/bin
PATH: /Applications/caret/bin_macosx64
PATH: /Users/zarrar/Code/neurogunther
PATH: /Users/zarrar/Code/python/niscripts/commands
PATH: /usr/local/lib/node
PATH: /Users/zarrar/node_modules/express/bin
PATH: /Users/zarrar/node_modules/coffee-script/bin
PATH: /Users/zarrar/node_modules/coffeekup/bin
PATH: /Users/Shared/afni
PATH: /Users/Shared/fsl/bin
PATH: /usr/local/bin
PATH: /usr/local/share/python
PATH: /usr/local/Cellar/ruby/1.9.2-p180/bin
PATH: /usr/local/cuda/bin
PATH: /sw/bin
PATH: /sw/sbin
PATH: /Users/zarrar/bin
PATH: /usr/bin
PATH: /bin
PATH: /usr/sbin
PATH: /sbin
PATH: /usr/local/bin
PATH: /opt/X11/bin
PATH: /usr/X11R6/bin
PATH: /Users/zarrar/Code/QSTK/Bin
PATH: /Users/zarrar/.rvm/bin


## ----------- ##
## Core tests. ##
## ----------- ##

configure:1763: checking for g++
configure:1779: found /usr/bin/g++
configure:1790: result: g++
configure:1821: checking for C++ compiler version
configure:1828: g++ --version >&5
Configured with: --prefix=/Applications/Xcode.app/Contents/Developer/usr --with-gxx-include-dir=/usr/include/c++/4.2.1
Apple LLVM version 5.1 (clang-503.0.38) (based on LLVM 3.4svn)
Target: x86_64-apple-darwin13.1.0
Thread model: posix
configure:1831: $? = 0
configure:1838: g++ -v >&5
Configured with: --prefix=/Applications/Xcode.app/Contents/Developer/usr --with-gxx-include-dir=/usr/include/c++/4.2.1
Apple LLVM version 5.1 (clang-503.0.38) (based on LLVM 3.4svn)
Target: x86_64-apple-darwin13.1.0
Thread model: posix
configure:1841: $? = 0
configure:1848: g++ -V >&5
clang: error: argument to '-V' is missing (expected 1 value)
clang: error: no input files
configure:1851: $? = 1
configure:1874: checking for C++ compiler default output file name
configure:1901: g++    conftest.cpp  >&5
configure:1904: $? = 0
configure:1942: result: a.out
configure:1959: checking whether the C++ compiler works
configure:1969: ./a.out
configure:1972: $? = 0
configure:1989: result: yes
configure:1996: checking whether we are cross compiling
configure:1998: result: no
configure:2001: checking for suffix of executables
configure:2008: g++ -o conftest    conftest.cpp  >&5
configure:2011: $? = 0
configure:2035: result: 
configure:2041: checking for suffix of object files
configure:2067: g++ -c   conftest.cpp >&5
configure:2070: $? = 0
configure:2093: result: o
configure:2097: checking whether we are using the GNU C++ compiler
configure:2126: g++ -c   conftest.cpp >&5
configure:2132: $? = 0
configure:2149: result: yes
configure:2154: checking whether g++ accepts -g
configure:2184: g++ -c -g  conftest.cpp >&5
configure:2190: $? = 0
configure:2289: result: yes
configure:2360: checking for gcc
configure:2376: found /usr/bin/gcc
configure:2387: result: gcc
configure:2625: checking for C compiler version
configure:2632: gcc --version >&5
Configured with: --prefix=/Applications/Xcode.app/Contents/Developer/usr --with-gxx-include-dir=/usr/include/c++/4.2.1
Apple LLVM version 5.1 (clang-503.0.38) (based on LLVM 3.4svn)
Target: x86_64-apple-darwin13.1.0
Thread model: posix
configure:2635: $? = 0
configure:2642: gcc -v >&5
Configured with: --prefix=/Applications/Xcode.app/Contents/Developer/usr --with-gxx-include-dir=/usr/include/c++/4.2.1
Apple LLVM version 5.1 (clang-503.0.38) (based on LLVM 3.4svn)
Target: x86_64-apple-darwin13.1.0
Thread model: posix
configure:2645: $? = 0
configure:2652: gcc -V >&5
clang: error: argument to '-V' is missing (expected 1 value)
clang: error: no input files
configure:2655: $? = 1
configure:2658: checking whether we are using the GNU C compiler
configure:2687: gcc -c   conftest.c >&5
configure:2693: $? = 0
configure:2710: result: yes
configure:2715: checking whether gcc accepts -g
configure:2745: gcc -c -g  conftest.c >&5
configure:2751: $? = 0
configure:2850: result: yes
configure:2867: checking for gcc option to accept ISO C89
configure:2941: gcc  -c -g -O2  conftest.c >&5
configure:2947: $? = 0
configure:2970: result: none needed
configure:2996: checking how to run the C preprocessor
configure:3036: gcc -E  conftest.c
configure:3042: $? = 0
configure:3073: gcc -E  conftest.c
conftest.c:8:10: fatal error: 'ac_nonexistent.h' file not found
#include <ac_nonexistent.h>
         ^
1 error generated.
configure:3079: $? = 1
configure: failed program was:
| /* confdefs.h.  */
| #define PACKAGE_NAME "Rniftilib configuration script"
| #define PACKAGE_TARNAME "rniftilib-configuration-script"
| #define PACKAGE_VERSION "0.0.11"
| #define PACKAGE_STRING "Rniftilib configuration script 0.0.11"
| #define PACKAGE_BUGREPORT ""
| /* end confdefs.h.  */
| #include <ac_nonexistent.h>
configure:3112: result: gcc -E
configure:3141: gcc -E  conftest.c
configure:3147: $? = 0
configure:3178: gcc -E  conftest.c
conftest.c:8:10: fatal error: 'ac_nonexistent.h' file not found
#include <ac_nonexistent.h>
         ^
1 error generated.
configure:3184: $? = 1
configure: failed program was:
| /* confdefs.h.  */
| #define PACKAGE_NAME "Rniftilib configuration script"
| #define PACKAGE_TARNAME "rniftilib-configuration-script"
| #define PACKAGE_VERSION "0.0.11"
| #define PACKAGE_STRING "Rniftilib configuration script 0.0.11"
| #define PACKAGE_BUGREPORT ""
| /* end confdefs.h.  */
| #include <ac_nonexistent.h>
configure:3222: checking for grep that handles long lines and -e
configure:3296: result: /usr/bin/grep
configure:3301: checking for egrep
configure:3379: result: /usr/bin/grep -E
configure:3384: checking for ANSI C header files
configure:3414: gcc -c -g -O2  conftest.c >&5
configure:3420: $? = 0
configure:3519: gcc -o conftest -g -O2   conftest.c  >&5
configure:3522: $? = 0
configure:3528: ./conftest
configure:3531: $? = 0
configure:3548: result: yes
configure:3562: checking for inline
configure:3588: gcc -c -g -O2  conftest.c >&5
configure:3594: $? = 0
configure:3612: result: inline
configure:3647: checking for sys/types.h
configure:3668: gcc -c -g -O2  conftest.c >&5
configure:3674: $? = 0
configure:3690: result: yes
configure:3647: checking for sys/stat.h
configure:3668: gcc -c -g -O2  conftest.c >&5
configure:3674: $? = 0
configure:3690: result: yes
configure:3647: checking for stdlib.h
configure:3668: gcc -c -g -O2  conftest.c >&5
configure:3674: $? = 0
configure:3690: result: yes
configure:3647: checking for string.h
configure:3668: gcc -c -g -O2  conftest.c >&5
configure:3674: $? = 0
configure:3690: result: yes
configure:3647: checking for memory.h
configure:3668: gcc -c -g -O2  conftest.c >&5
configure:3674: $? = 0
configure:3690: result: yes
configure:3647: checking for strings.h
configure:3668: gcc -c -g -O2  conftest.c >&5
configure:3674: $? = 0
configure:3690: result: yes
configure:3647: checking for inttypes.h
configure:3668: gcc -c -g -O2  conftest.c >&5
configure:3674: $? = 0
configure:3690: result: yes
configure:3647: checking for stdint.h
configure:3668: gcc -c -g -O2  conftest.c >&5
configure:3674: $? = 0
configure:3690: result: yes
configure:3647: checking for unistd.h
configure:3668: gcc -c -g -O2  conftest.c >&5
configure:3674: $? = 0
configure:3690: result: yes
configure:3707: checking for stdlib.h
configure:3713: result: yes
configure:3842: checking for GNU libc compatible malloc
configure:3876: gcc -o conftest -g -O2   conftest.c  >&5
configure:3879: $? = 0
configure:3885: ./conftest
configure:3888: $? = 0
configure:3904: result: yes
configure:3935: checking for pkg-config
configure:3953: found /sw/bin/pkg-config
configure:3965: result: /sw/bin/pkg-config
configure:3979: checking if zlib is wanted
configure:4023: checking for inflateEnd in -lz
configure:4058: gcc -o conftest -g -O2  -I/usr/include -I../inst/include  -L/usr/lib conftest.c -lz   >&5
configure:4064: $? = 0
configure:4082: result: yes
configure:4100: checking zlib.h usability
configure:4117: gcc -c -g -O2  -I/usr/include -I../inst/include conftest.c >&5
configure:4123: $? = 0
configure:4137: result: yes
configure:4141: checking zlib.h presence
configure:4156: gcc -E  -I/usr/include -I../inst/include conftest.c
configure:4162: $? = 0
configure:4176: result: yes
configure:4204: checking for zlib.h
configure:4211: result: yes
configure:4234: checking for inflateEnd in -lz
configure:4293: result: yes
configure:4304: checking zlib in /usr
configure:4306: result: ok
configure:4431: creating ./config.status

## ---------------------- ##
## Running config.status. ##
## ---------------------- ##

This file was extended by Rniftilib configuration script config.status 0.0.11, which was
generated by GNU Autoconf 2.61.  Invocation command line was

  CONFIG_FILES    = 
  CONFIG_HEADERS  = 
  CONFIG_LINKS    = 
  CONFIG_COMMANDS = 
  $ ./config.status 

on Zarrar-Ss-MacBook-2.local

config.status:598: creating src/Makevars
config.status:598: creating src/config.h
config.status:814: src/config.h is unchanged

## ---------------- ##
## Cache variables. ##
## ---------------- ##

ac_cv_c_compiler_gnu=yes
ac_cv_c_inline=inline
ac_cv_cxx_compiler_gnu=yes
ac_cv_env_CCC_set=
ac_cv_env_CCC_value=
ac_cv_env_CC_set=
ac_cv_env_CC_value=
ac_cv_env_CFLAGS_set=
ac_cv_env_CFLAGS_value=
ac_cv_env_CPPFLAGS_set=
ac_cv_env_CPPFLAGS_value=
ac_cv_env_CPP_set=
ac_cv_env_CPP_value=
ac_cv_env_CXXFLAGS_set=
ac_cv_env_CXXFLAGS_value=
ac_cv_env_CXX_set=
ac_cv_env_CXX_value=
ac_cv_env_LDFLAGS_set=
ac_cv_env_LDFLAGS_value=
ac_cv_env_LIBS_set=
ac_cv_env_LIBS_value=
ac_cv_env_build_alias_set=
ac_cv_env_build_alias_value=
ac_cv_env_host_alias_set=
ac_cv_env_host_alias_value=
ac_cv_env_target_alias_set=
ac_cv_env_target_alias_value=
ac_cv_func_malloc_0_nonnull=yes
ac_cv_header_inttypes_h=yes
ac_cv_header_memory_h=yes
ac_cv_header_stdc=yes
ac_cv_header_stdint_h=yes
ac_cv_header_stdlib_h=yes
ac_cv_header_string_h=yes
ac_cv_header_strings_h=yes
ac_cv_header_sys_stat_h=yes
ac_cv_header_sys_types_h=yes
ac_cv_header_unistd_h=yes
ac_cv_header_zlib_h=yes
ac_cv_lib_z_inflateEnd=yes
ac_cv_objext=o
ac_cv_path_EGREP='/usr/bin/grep -E'
ac_cv_path_GREP=/usr/bin/grep
ac_cv_path_INTLTOOL_PERL=/usr/bin/perl
ac_cv_path_PKG_CONFIG=/sw/bin/pkg-config
ac_cv_prog_CPP='gcc -E'
ac_cv_prog_ac_ct_CC=gcc
ac_cv_prog_ac_ct_CXX=g++
ac_cv_prog_cc_c89=
ac_cv_prog_cc_g=yes
ac_cv_prog_cxx_g=yes
zlib_cv_libz=yes
zlib_cv_zlib_h=yes

## ----------------- ##
## Output variables. ##
## ----------------- ##

CC='gcc'
CFLAGS='-g -O2'
CPP='gcc -E'
CPPFLAGS=' -I/usr/include -I../inst/include'
CXX='g++'
CXXFLAGS='-g -O2'
DEFS='-DHAVE_CONFIG_H'
ECHO_C='ECHO_N=''
ECHO_T=''
EGREP='/usr/bin/grep -E'
EXEEXT=''
GREP='/usr/bin/grep'
INCLUDE=''
LDFLAGS=' -L/usr/lib'
LIBOBJS=''
LIBS='-lz '
LTLIBOBJS=''
OBJEXT='o'
PACKAGE_BUGREPORT=''
PACKAGE_CFLAGS=''
PACKAGE_LIBS=''
PACKAGE_NAME='Rniftilib configuration script'
PACKAGE_STRING='Rniftilib configuration script 0.0.11'
PACKAGE_TARNAME='rniftilib-configuration-script'
PACKAGE_VERSION='0.0.11'
PATH_SEPARATOR=':'
PKG_CONFIG='/sw/bin/pkg-config'
SHELL='/bin/sh'
ac_ct_CC='gcc'
ac_ct_CXX='g++'
bindir='${exec_prefix}/bin'
build_alias=''
datadir='${datarootdir}'
datarootdir='${prefix}/share'
docdir='${datarootdir}/doc/${PACKAGE_TARNAME}'
dvidir='${docdir}'
exec_prefix='${prefix}'
host_alias=''
htmldir='${docdir}'
includedir='${prefix}/include'
infodir='${datarootdir}/info'
libdir='${exec_prefix}/lib'
libexecdir='${exec_prefix}/libexec'
localedir='${datarootdir}/locale'
localstatedir='${prefix}/var'
mandir='${datarootdir}/man'
oldincludedir='/usr/include'
pdfdir='${docdir}'
prefix='/usr/local'
program_transform_name='s,x,x,'
psdir='${docdir}'
sbindir='${exec_prefix}/sbin'
sharedstatedir='${prefix}/com'
sysconfdir='${prefix}/etc'
target_alias=''

## ----------- ##
## confdefs.h. ##
## ----------- ##

#define PACKAGE_NAME "Rniftilib configuration script"
#define PACKAGE_TARNAME "rniftilib-configuration-script"
#define PACKAGE_VERSION "0.0.11"
#define PACKAGE_STRING "Rniftilib configuration script 0.0.11"
#define PACKAGE_BUGREPORT ""
#define STDC_HEADERS 1
#define HAVE_SYS_TYPES_H 1
#define HAVE_SYS_STAT_H 1
#define HAVE_STDLIB_H 1
#define HAVE_STRING_H 1
#define HAVE_MEMORY_H 1
#define HAVE_STRINGS_H 1
#define HAVE_INTTYPES_H 1
#define HAVE_STDINT_H 1
#define HAVE_UNISTD_H 1
#define HAVE_STDLIB_H 1
#define HAVE_MALLOC 1
#define HAVE_LIBZ 1

configure: exit 0
